<?xml version="1.0" encoding="UTF-8"?>
<testsuite xmlns:xsi="http://www.w3.org/2001/XMLSchema-instance" xsi:noNamespaceSchemaLocation="https://maven.apache.org/surefire/maven-surefire-plugin/xsd/surefire-test-report.xsd" name="TP3.JunitMaven.AppTest" time="0.028" tests="5" errors="0" skipped="0" failures="1">
  <properties>
[...]
</properties>
  <testcase name="testRemboursement" classname="TP3.JunitMaven.AppTest" time="0.014"/>
  <testcase name="testTostring" classname="TP3.JunitMaven.AppTest" time="0.001"/>
  <testcase name="testAffranchissement" classname="TP3.JunitMaven.AppTest" time="0.001"/>
  <testcase name="remplissageSac" classname="TP3.JunitMaven.AppTest" time="0.001"/>
  <testcase name="testVolume" classname="TP3.JunitMaven.AppTest" time="0.005">
    <failure message="expected: &lt;0.025359999558422715&gt; but was: &lt;0.005&gt;" type="org.opentest4j.AssertionFailedError"><![CDATA[org.opentest4j.AssertionFailedError: expected: <0.025359999558422715> but was: <0.005>
	at TP3.JunitMaven.AppTest.testVolume(AppTest.java:62)
]]></failure>
  </testcase>
</testsuite>